<?xml version="1.0" encoding="UTF-8"?>
<!-- Generated by org.testng.reporters.JUnitXMLReporter -->
<testsuite hostname="localhost.localdomain" name="Default test" tests="3" failures="0" timestamp="24 Apr 2015 22:51:15 GMT" time="2.927" errors="0">
  <testcase name="testCountOperation" time="0.045" classname="org.ameet.nosql.dao.EmpDaoTest"/>
  <testcase name="testInsertEntityOperation" time="0.02" classname="org.ameet.nosql.dao.EmpDaoTest"/>
  <testcase name="testSave" time="0.011" classname="org.ameet.nosql.dao.EmpDaoTest"/>
</testsuite> <!-- Default test -->
