<?xml version="1.0" encoding="UTF-8"?>
<testng-results skipped="0" failed="0" total="3" passed="3">
  <reporter-output>
  </reporter-output>
  <suite name="Default suite" duration-ms="2927" started-at="2015-04-24T22:51:12Z" finished-at="2015-04-24T22:51:15Z">
    <groups>
    </groups>
    <test name="Default test" duration-ms="2927" started-at="2015-04-24T22:51:12Z" finished-at="2015-04-24T22:51:15Z">
      <class name="org.ameet.nosql.dao.EmpDaoTest">
        <test-method status="PASS" signature="springTestContextBeforeTestClass()[pri:0, instance:org.ameet.nosql.dao.EmpDaoTest@101df177]" name="springTestContextBeforeTestClass" is-config="true" duration-ms="9" started-at="2015-04-24T18:51:12Z" finished-at="2015-04-24T18:51:12Z">
          <reporter-output>
          </reporter-output>
        </test-method> <!-- springTestContextBeforeTestClass -->
        <test-method status="PASS" signature="springTestContextPrepareTestInstance()[pri:0, instance:org.ameet.nosql.dao.EmpDaoTest@101df177]" name="springTestContextPrepareTestInstance" is-config="true" duration-ms="2819" started-at="2015-04-24T18:51:12Z" depends-on-methods="org.springframework.test.context.testng.AbstractTestNGSpringContextTests.springTestContextBeforeTestClass" finished-at="2015-04-24T18:51:14Z">
          <reporter-output>
          </reporter-output>
        </test-method> <!-- springTestContextPrepareTestInstance -->
        <test-method status="PASS" signature="springTestContextBeforeTestMethod(java.lang.reflect.Method)[pri:0, instance:org.ameet.nosql.dao.EmpDaoTest@101df177]" name="springTestContextBeforeTestMethod" is-config="true" duration-ms="1" started-at="2015-04-24T18:51:14Z" finished-at="2015-04-24T18:51:14Z">
          <params>
            <param index="0">
              <value>
                <![CDATA[public void org.ameet.nosql.dao.EmpDaoTest.testCountOperation()]]>
              </value>
            </param>
          </params>
          <reporter-output>
          </reporter-output>
        </test-method> <!-- springTestContextBeforeTestMethod -->
        <test-method status="PASS" signature="testCountOperation()[pri:0, instance:org.ameet.nosql.dao.EmpDaoTest@101df177]" name="testCountOperation" duration-ms="45" started-at="2015-04-24T18:51:14Z" finished-at="2015-04-24T18:51:14Z">
          <reporter-output>
          </reporter-output>
        </test-method> <!-- testCountOperation -->
        <test-method status="PASS" signature="springTestContextAfterTestMethod(java.lang.reflect.Method)[pri:0, instance:org.ameet.nosql.dao.EmpDaoTest@101df177]" name="springTestContextAfterTestMethod" is-config="true" duration-ms="7" started-at="2015-04-24T18:51:14Z" finished-at="2015-04-24T18:51:15Z">
          <params>
            <param index="0">
              <value>
                <![CDATA[public void org.ameet.nosql.dao.EmpDaoTest.testCountOperation()]]>
              </value>
            </param>
          </params>
          <reporter-output>
          </reporter-output>
        </test-method> <!-- springTestContextAfterTestMethod -->
        <test-method status="PASS" signature="springTestContextBeforeTestMethod(java.lang.reflect.Method)[pri:0, instance:org.ameet.nosql.dao.EmpDaoTest@101df177]" name="springTestContextBeforeTestMethod" is-config="true" duration-ms="0" started-at="2015-04-24T18:51:15Z" finished-at="2015-04-24T18:51:15Z">
          <params>
            <param index="0">
              <value>
                <![CDATA[public void org.ameet.nosql.dao.EmpDaoTest.testInsertEntityOperation()]]>
              </value>
            </param>
          </params>
          <reporter-output>
          </reporter-output>
        </test-method> <!-- springTestContextBeforeTestMethod -->
        <test-method status="PASS" signature="testInsertEntityOperation()[pri:0, instance:org.ameet.nosql.dao.EmpDaoTest@101df177]" name="testInsertEntityOperation" duration-ms="20" started-at="2015-04-24T18:51:15Z" finished-at="2015-04-24T18:51:15Z">
          <reporter-output>
          </reporter-output>
        </test-method> <!-- testInsertEntityOperation -->
        <test-method status="PASS" signature="springTestContextAfterTestMethod(java.lang.reflect.Method)[pri:0, instance:org.ameet.nosql.dao.EmpDaoTest@101df177]" name="springTestContextAfterTestMethod" is-config="true" duration-ms="0" started-at="2015-04-24T18:51:15Z" finished-at="2015-04-24T18:51:15Z">
          <params>
            <param index="0">
              <value>
                <![CDATA[public void org.ameet.nosql.dao.EmpDaoTest.testInsertEntityOperation()]]>
              </value>
            </param>
          </params>
          <reporter-output>
          </reporter-output>
        </test-method> <!-- springTestContextAfterTestMethod -->
        <test-method status="PASS" signature="springTestContextBeforeTestMethod(java.lang.reflect.Method)[pri:0, instance:org.ameet.nosql.dao.EmpDaoTest@101df177]" name="springTestContextBeforeTestMethod" is-config="true" duration-ms="1" started-at="2015-04-24T18:51:15Z" finished-at="2015-04-24T18:51:15Z">
          <params>
            <param index="0">
              <value>
                <![CDATA[public void org.ameet.nosql.dao.EmpDaoTest.testSave()]]>
              </value>
            </param>
          </params>
          <reporter-output>
          </reporter-output>
        </test-method> <!-- springTestContextBeforeTestMethod -->
        <test-method status="PASS" signature="testSave()[pri:0, instance:org.ameet.nosql.dao.EmpDaoTest@101df177]" name="testSave" duration-ms="11" started-at="2015-04-24T18:51:15Z" finished-at="2015-04-24T18:51:15Z">
          <reporter-output>
          </reporter-output>
        </test-method> <!-- testSave -->
        <test-method status="PASS" signature="springTestContextAfterTestMethod(java.lang.reflect.Method)[pri:0, instance:org.ameet.nosql.dao.EmpDaoTest@101df177]" name="springTestContextAfterTestMethod" is-config="true" duration-ms="1" started-at="2015-04-24T18:51:15Z" finished-at="2015-04-24T18:51:15Z">
          <params>
            <param index="0">
              <value>
                <![CDATA[public void org.ameet.nosql.dao.EmpDaoTest.testSave()]]>
              </value>
            </param>
          </params>
          <reporter-output>
          </reporter-output>
        </test-method> <!-- springTestContextAfterTestMethod -->
        <test-method status="PASS" signature="springTestContextAfterTestClass()[pri:0, instance:org.ameet.nosql.dao.EmpDaoTest@101df177]" name="springTestContextAfterTestClass" is-config="true" duration-ms="0" started-at="2015-04-24T18:51:15Z" finished-at="2015-04-24T18:51:15Z">
          <reporter-output>
          </reporter-output>
        </test-method> <!-- springTestContextAfterTestClass -->
      </class> <!-- org.ameet.nosql.dao.EmpDaoTest -->
    </test> <!-- Default test -->
  </suite> <!-- Default suite -->
</testng-results>
